mode: atomic
service_stats/internal/database/db.go:17.49,22.16 3 0
service_stats/internal/database/db.go:22.16,25.3 2 0
service_stats/internal/database/db.go:28.2,28.33 1 0
service_stats/internal/database/db.go:28.33,31.3 2 0
service_stats/internal/database/db.go:33.2,54.16 3 0
service_stats/internal/database/db.go:54.16,57.3 2 0
service_stats/internal/database/db.go:58.2,58.16 1 0
service_stats/internal/database/db.go:61.67,63.16 2 4
service_stats/internal/database/db.go:63.16,66.3 2 0
service_stats/internal/database/db.go:68.2,68.15 1 4
service_stats/internal/database/db.go:68.15,69.17 1 4
service_stats/internal/database/db.go:69.17,70.56 1 2
service_stats/internal/database/db.go:70.56,72.5 1 0
service_stats/internal/database/db.go:73.9,74.50 1 2
service_stats/internal/database/db.go:74.50,77.5 2 1
service_stats/internal/database/db.go:81.2,83.16 3 4
service_stats/internal/database/db.go:83.16,86.3 2 2
service_stats/internal/database/db.go:88.2,88.12 1 2
service_stats/internal/database/db.go:91.103,93.16 2 3
service_stats/internal/database/db.go:93.16,96.3 2 0
service_stats/internal/database/db.go:98.2,98.15 1 3
service_stats/internal/database/db.go:98.15,99.17 1 3
service_stats/internal/database/db.go:99.17,100.50 1 2
service_stats/internal/database/db.go:100.50,103.5 2 0
service_stats/internal/database/db.go:104.9,105.56 1 1
service_stats/internal/database/db.go:105.56,107.5 1 1
service_stats/internal/database/db.go:111.2,116.26 4 3
service_stats/internal/database/db.go:116.26,119.3 2 1
service_stats/internal/database/db.go:121.2,121.16 1 2
service_stats/internal/database/db.go:121.16,124.3 2 0
service_stats/internal/database/db.go:126.2,126.37 1 2
service_stats/internal/database/db.go:130.149,132.16 2 1
service_stats/internal/database/db.go:132.16,134.3 1 0
service_stats/internal/database/db.go:135.2,152.25 7 1
service_stats/internal/database/db.go:152.25,156.3 3 1
service_stats/internal/database/db.go:157.2,157.23 1 1
service_stats/internal/database/db.go:157.23,161.3 3 1
service_stats/internal/database/db.go:163.2,166.16 3 1
service_stats/internal/database/db.go:166.16,168.3 1 0
service_stats/internal/database/db.go:169.2,172.18 3 1
service_stats/internal/database/db.go:172.18,176.63 4 2
service_stats/internal/database/db.go:176.63,178.4 1 0
service_stats/internal/database/db.go:179.3,183.5 1 2
service_stats/internal/database/db.go:185.2,185.21 1 1
service_stats/internal/database/db.go:189.147,191.16 2 2
service_stats/internal/database/db.go:191.16,193.3 1 0
service_stats/internal/database/db.go:194.2,211.25 7 2
service_stats/internal/database/db.go:211.25,215.3 3 2
service_stats/internal/database/db.go:216.2,216.23 1 2
service_stats/internal/database/db.go:216.23,220.3 3 2
service_stats/internal/database/db.go:222.2,225.16 3 2
service_stats/internal/database/db.go:225.16,227.3 1 0
service_stats/internal/database/db.go:228.2,231.18 3 2
service_stats/internal/database/db.go:231.18,235.63 4 3
service_stats/internal/database/db.go:235.63,237.4 1 0
service_stats/internal/database/db.go:238.3,242.5 1 3
service_stats/internal/database/db.go:244.2,244.21 1 2
service_stats/internal/database/db.go:248.69,250.16 2 3
service_stats/internal/database/db.go:250.16,252.3 1 0
service_stats/internal/database/db.go:253.2,258.16 4 3
service_stats/internal/database/db.go:258.16,261.3 2 2
service_stats/internal/database/db.go:263.2,263.20 1 1
service_stats/internal/database/db.go:267.122,269.16 2 2
service_stats/internal/database/db.go:269.16,271.3 1 0
service_stats/internal/database/db.go:272.2,280.26 5 2
service_stats/internal/database/db.go:280.26,283.3 2 0
service_stats/internal/database/db.go:284.2,284.16 1 2
service_stats/internal/database/db.go:284.16,287.3 2 1
service_stats/internal/database/db.go:289.2,289.37 1 1
service_stats/internal/database/db.go:293.110,295.16 2 1
service_stats/internal/database/db.go:295.16,297.3 1 0
service_stats/internal/database/db.go:298.2,304.26 5 1
service_stats/internal/database/db.go:304.26,306.3 1 0
service_stats/internal/database/db.go:307.2,307.16 1 1
service_stats/internal/database/db.go:307.16,309.3 1 0
service_stats/internal/database/db.go:311.2,311.37 1 1
service_stats/internal/database/db.go:315.124,317.16 2 3
service_stats/internal/database/db.go:317.16,319.3 1 0
service_stats/internal/database/db.go:320.2,334.16 4 3
service_stats/internal/database/db.go:334.16,336.3 1 0
service_stats/internal/database/db.go:337.2,340.18 3 3
service_stats/internal/database/db.go:340.18,344.64 4 1
service_stats/internal/database/db.go:344.64,346.4 1 0
service_stats/internal/database/db.go:347.3,351.5 1 1
service_stats/internal/database/db.go:354.2,354.21 1 3
service_stats/internal/database/db.go:358.109,360.16 2 2
service_stats/internal/database/db.go:360.16,362.3 1 0
service_stats/internal/database/db.go:363.2,377.16 4 2
service_stats/internal/database/db.go:377.16,379.3 1 1
service_stats/internal/database/db.go:380.2,383.18 3 1
service_stats/internal/database/db.go:383.18,387.65 4 1
service_stats/internal/database/db.go:387.65,389.4 1 0
service_stats/internal/database/db.go:390.3,394.5 1 1
service_stats/internal/database/db.go:397.2,397.21 1 1
service_stats/internal/database/db.go:400.160,402.16 2 3
service_stats/internal/database/db.go:402.16,404.3 1 0
service_stats/internal/database/db.go:405.2,405.15 1 3
service_stats/internal/database/db.go:405.15,407.3 1 3
service_stats/internal/database/db.go:409.2,412.19 3 3
service_stats/internal/database/db.go:412.19,425.26 4 3
service_stats/internal/database/db.go:425.26,429.4 3 0
service_stats/internal/database/db.go:431.3,431.24 1 3
service_stats/internal/database/db.go:431.24,434.4 2 0
service_stats/internal/database/db.go:436.3,436.20 1 3
service_stats/internal/database/db.go:437.8,451.26 4 0
service_stats/internal/database/db.go:451.26,455.4 3 0
service_stats/internal/database/db.go:457.3,457.24 1 0
service_stats/internal/database/db.go:457.24,460.4 2 0
service_stats/internal/database/db.go:462.3,462.57 1 0
service_stats/internal/database/db.go:465.2,466.16 2 3
service_stats/internal/database/db.go:466.16,468.3 1 0
service_stats/internal/database/db.go:469.2,472.18 3 3
service_stats/internal/database/db.go:472.18,477.84 4 2
service_stats/internal/database/db.go:477.84,479.4 1 0
service_stats/internal/database/db.go:481.3,481.38 1 2
service_stats/internal/database/db.go:481.38,483.4 1 0
service_stats/internal/database/db.go:485.3,490.5 1 2
service_stats/internal/database/db.go:493.2,493.36 1 3
service_stats/internal/database/db.go:493.36,495.3 1 0
service_stats/internal/database/db.go:497.2,497.21 1 3
service_stats/internal/database/db.go:501.172,503.16 2 2
service_stats/internal/database/db.go:503.16,505.3 1 0
service_stats/internal/database/db.go:506.2,506.15 1 2
service_stats/internal/database/db.go:506.15,508.3 1 2
service_stats/internal/database/db.go:510.2,513.19 3 2
service_stats/internal/database/db.go:513.19,526.26 4 2
service_stats/internal/database/db.go:526.26,530.4 3 0
service_stats/internal/database/db.go:532.3,532.24 1 2
service_stats/internal/database/db.go:532.24,535.4 2 0
service_stats/internal/database/db.go:537.3,537.20 1 2
service_stats/internal/database/db.go:538.8,552.26 4 0
service_stats/internal/database/db.go:552.26,556.4 3 0
service_stats/internal/database/db.go:558.3,558.24 1 0
service_stats/internal/database/db.go:558.24,561.4 2 0
service_stats/internal/database/db.go:563.3,563.57 1 0
service_stats/internal/database/db.go:566.2,567.16 2 2
service_stats/internal/database/db.go:567.16,569.3 1 1
service_stats/internal/database/db.go:570.2,573.18 3 1
service_stats/internal/database/db.go:573.18,578.84 4 1
service_stats/internal/database/db.go:578.84,580.4 1 0
service_stats/internal/database/db.go:582.3,582.38 1 1
service_stats/internal/database/db.go:582.38,584.4 1 0
service_stats/internal/database/db.go:586.3,591.5 1 1
service_stats/internal/database/db.go:594.2,594.36 1 1
service_stats/internal/database/db.go:594.36,596.3 1 0
service_stats/internal/database/db.go:598.2,598.21 1 1
service_stats/internal/model/grades.go:13.77,21.2 1 1
service_stats/internal/model/grades_tasks.go:14.93,23.2 1 1
service_stats/internal/queue/enqueuer.go:57.46,60.2 2 0
service_stats/internal/queue/enqueuer.go:62.89,64.16 2 2
service_stats/internal/queue/enqueuer.go:64.16,66.3 1 0
service_stats/internal/queue/enqueuer.go:68.2,75.16 6 2
service_stats/internal/queue/enqueuer.go:75.16,78.3 2 1
service_stats/internal/queue/enqueuer.go:80.2,81.19 2 1
service_stats/internal/queue/handler.go:19.51,25.2 5 0
service_stats/internal/queue/handler.go:32.77,34.56 2 3
service_stats/internal/queue/handler.go:34.56,36.3 1 1
service_stats/internal/queue/handler.go:38.2,41.16 3 2
service_stats/internal/queue/handler.go:41.16,44.3 2 1
service_stats/internal/queue/handler.go:46.2,46.12 1 1
service_stats/internal/queue/handler.go:49.67,51.56 2 3
service_stats/internal/queue/handler.go:51.56,53.3 1 1
service_stats/internal/queue/handler.go:55.2,58.16 3 2
service_stats/internal/queue/handler.go:58.16,61.3 2 1
service_stats/internal/queue/handler.go:63.2,63.12 1 1
service_stats/internal/handlers/api_handlers.go:15.38,17.33 1 35
service_stats/internal/handlers/api_handlers.go:17.33,19.3 1 0
service_stats/internal/handlers/api_handlers.go:21.2,21.23 1 35
service_stats/internal/handlers/api_handlers.go:21.23,22.51 1 742
service_stats/internal/handlers/api_handlers.go:22.51,24.4 1 1
service_stats/internal/handlers/api_handlers.go:26.2,26.13 1 34
service_stats/internal/handlers/api_handlers.go:61.63,65.39 3 5
service_stats/internal/handlers/api_handlers.go:65.39,68.3 2 1
service_stats/internal/handlers/api_handlers.go:70.2,70.32 1 4
service_stats/internal/handlers/api_handlers.go:70.32,73.3 2 0
service_stats/internal/handlers/api_handlers.go:75.2,76.16 2 4
service_stats/internal/handlers/api_handlers.go:76.16,79.3 2 3
service_stats/internal/handlers/api_handlers.go:81.2,81.33 1 1
service_stats/internal/handlers/api_handlers.go:81.33,84.3 2 0
service_stats/internal/handlers/api_handlers.go:86.2,92.4 1 1
service_stats/internal/handlers/api_handlers.go:103.70,108.17 4 14
service_stats/internal/handlers/api_handlers.go:108.17,110.17 2 12
service_stats/internal/handlers/api_handlers.go:110.17,112.4 1 4
service_stats/internal/handlers/api_handlers.go:113.8,115.3 1 2
service_stats/internal/handlers/api_handlers.go:117.2,117.15 1 10
service_stats/internal/handlers/api_handlers.go:117.15,119.17 2 10
service_stats/internal/handlers/api_handlers.go:119.17,121.4 1 0
service_stats/internal/handlers/api_handlers.go:123.3,123.56 1 10
service_stats/internal/handlers/api_handlers.go:124.8,126.3 1 0
service_stats/internal/handlers/api_handlers.go:128.2,128.32 1 10
service_stats/internal/handlers/api_handlers.go:132.70,136.48 3 4
service_stats/internal/handlers/api_handlers.go:136.48,139.3 2 0
service_stats/internal/handlers/api_handlers.go:141.2,142.16 2 4
service_stats/internal/handlers/api_handlers.go:142.16,145.3 2 1
service_stats/internal/handlers/api_handlers.go:147.2,148.16 2 3
service_stats/internal/handlers/api_handlers.go:148.16,151.3 2 2
service_stats/internal/handlers/api_handlers.go:153.2,161.4 1 1
service_stats/internal/handlers/api_handlers.go:165.69,169.48 3 4
service_stats/internal/handlers/api_handlers.go:169.48,172.3 2 0
service_stats/internal/handlers/api_handlers.go:174.2,175.16 2 4
service_stats/internal/handlers/api_handlers.go:175.16,178.3 2 1
service_stats/internal/handlers/api_handlers.go:180.2,181.16 2 3
service_stats/internal/handlers/api_handlers.go:181.16,184.3 2 2
service_stats/internal/handlers/api_handlers.go:186.2,194.4 1 1
service_stats/internal/handlers/api_handlers.go:197.67,202.33 4 5
service_stats/internal/handlers/api_handlers.go:202.33,205.3 2 0
service_stats/internal/handlers/api_handlers.go:207.2,207.60 1 5
service_stats/internal/handlers/api_handlers.go:207.60,210.3 2 0
service_stats/internal/handlers/api_handlers.go:212.2,213.16 2 5
service_stats/internal/handlers/api_handlers.go:213.16,216.3 2 4
service_stats/internal/handlers/api_handlers.go:218.2,218.33 1 1
service_stats/internal/handlers/api_handlers.go:218.33,221.3 2 0
service_stats/internal/handlers/api_handlers.go:223.2,229.4 1 1
service_stats/internal/handlers/api_handlers.go:232.73,237.33 3 6
service_stats/internal/handlers/api_handlers.go:237.33,240.3 2 0
service_stats/internal/handlers/api_handlers.go:242.2,242.32 1 6
service_stats/internal/handlers/api_handlers.go:242.32,245.3 2 0
service_stats/internal/handlers/api_handlers.go:248.2,249.16 2 6
service_stats/internal/handlers/api_handlers.go:249.16,252.3 2 4
service_stats/internal/handlers/api_handlers.go:255.2,256.16 2 2
service_stats/internal/handlers/api_handlers.go:256.16,259.3 2 1
service_stats/internal/handlers/api_handlers.go:262.2,269.33 2 1
service_stats/internal/handlers/api_handlers.go:269.33,271.3 1 0
service_stats/internal/handlers/api_handlers.go:273.2,273.33 1 1
service_stats/internal/handlers/api_handlers.go:276.60,281.42 3 3
service_stats/internal/handlers/api_handlers.go:281.42,284.3 2 1
service_stats/internal/handlers/api_handlers.go:286.2,287.16 2 2
service_stats/internal/handlers/api_handlers.go:287.16,290.3 2 1
service_stats/internal/handlers/api_handlers.go:293.2,295.35 3 1
service_stats/internal/handlers/api_handlers.go:295.35,298.3 2 2
service_stats/internal/handlers/api_handlers.go:300.2,301.20 2 1
service_stats/internal/handlers/api_handlers.go:301.20,303.3 1 1
service_stats/internal/handlers/api_handlers.go:305.2,310.4 1 1
service_stats/internal/handlers/api_handlers.go:314.74,318.48 3 3
service_stats/internal/handlers/api_handlers.go:318.48,321.3 2 0
service_stats/internal/handlers/api_handlers.go:323.2,324.16 2 3
service_stats/internal/handlers/api_handlers.go:324.16,327.3 2 1
service_stats/internal/handlers/api_handlers.go:329.2,330.16 2 2
service_stats/internal/handlers/api_handlers.go:330.16,333.3 2 1
service_stats/internal/handlers/api_handlers.go:335.2,343.4 1 1
service_stats/internal/handlers/api_handlers.go:347.75,352.48 4 3
service_stats/internal/handlers/api_handlers.go:352.48,355.3 2 0
service_stats/internal/handlers/api_handlers.go:357.2,358.16 2 3
service_stats/internal/handlers/api_handlers.go:358.16,361.3 2 1
service_stats/internal/handlers/api_handlers.go:363.2,364.16 2 2
service_stats/internal/handlers/api_handlers.go:364.16,367.3 2 1
service_stats/internal/handlers/api_handlers.go:369.2,378.4 1 1
service_stats/internal/handlers/health.go:10.41,12.2 1 1
service_stats/internal/handlers/queue_handlers.go:17.92,22.16 3 2
service_stats/internal/handlers/queue_handlers.go:22.16,25.3 2 1
service_stats/internal/handlers/queue_handlers.go:27.2,27.197 1 1
service_stats/internal/handlers/queue_handlers.go:30.86,35.16 3 0
service_stats/internal/handlers/queue_handlers.go:35.16,38.3 2 0
service_stats/internal/handlers/queue_handlers.go:40.2,44.4 1 0
